0 info it worked if it ends with ok
1 verbose cli [ '/usr/bin/nodejs', '/usr/bin/npm', 'run', 'client-dev' ]
2 info using npm@3.5.2
3 info using node@v4.2.6
4 verbose run-script [ 'preclient-dev', 'client-dev', 'postclient-dev' ]
5 info lifecycle red_tetrisboilerplate@0.0.1~preclient-dev: red_tetrisboilerplate@0.0.1
6 silly lifecycle red_tetrisboilerplate@0.0.1~preclient-dev: no script for preclient-dev, continuing
7 info lifecycle red_tetrisboilerplate@0.0.1~client-dev: red_tetrisboilerplate@0.0.1
8 verbose lifecycle red_tetrisboilerplate@0.0.1~client-dev: unsafe-perm in lifecycle true
9 verbose lifecycle red_tetrisboilerplate@0.0.1~client-dev: PATH: /usr/share/npm/bin/node-gyp-bin:/home/gonzo/projects/red_tetris_boilerplate/node_modules/.bin:/usr/local/sbin:/usr/local/bin:/usr/sbin:/usr/bin:/sbin:/bin:/usr/games:/usr/local/games:/snap/bin
10 verbose lifecycle red_tetrisboilerplate@0.0.1~client-dev: CWD: /home/gonzo/projects/red_tetris_boilerplate
11 silly lifecycle red_tetrisboilerplate@0.0.1~client-dev: Args: [ '-c',
11 silly lifecycle   'webpack-dev-server --colors --hot --inline --host 0.0.0.0 --port 8080' ]
12 silly lifecycle red_tetrisboilerplate@0.0.1~client-dev: Returned: code: 1  signal: null
13 info lifecycle red_tetrisboilerplate@0.0.1~client-dev: Failed to exec client-dev script
14 verbose stack Error: red_tetrisboilerplate@0.0.1 client-dev: `webpack-dev-server --colors --hot --inline --host 0.0.0.0 --port 8080`
14 verbose stack Exit status 1
14 verbose stack     at EventEmitter.<anonymous> (/usr/share/npm/lib/utils/lifecycle.js:232:16)
14 verbose stack     at emitTwo (events.js:87:13)
14 verbose stack     at EventEmitter.emit (events.js:172:7)
14 verbose stack     at ChildProcess.<anonymous> (/usr/share/npm/lib/utils/spawn.js:24:14)
14 verbose stack     at emitTwo (events.js:87:13)
14 verbose stack     at ChildProcess.emit (events.js:172:7)
14 verbose stack     at maybeClose (internal/child_process.js:821:16)
14 verbose stack     at Process.ChildProcess._handle.onexit (internal/child_process.js:211:5)
15 verbose pkgid red_tetrisboilerplate@0.0.1
16 verbose cwd /home/gonzo/projects/red_tetris_boilerplate
17 error Linux 4.4.0-62-generic
18 error argv "/usr/bin/nodejs" "/usr/bin/npm" "run" "client-dev"
19 error node v4.2.6
20 error npm  v3.5.2
21 error code ELIFECYCLE
22 error red_tetrisboilerplate@0.0.1 client-dev: `webpack-dev-server --colors --hot --inline --host 0.0.0.0 --port 8080`
22 error Exit status 1
23 error Failed at the red_tetrisboilerplate@0.0.1 client-dev script 'webpack-dev-server --colors --hot --inline --host 0.0.0.0 --port 8080'.
23 error Make sure you have the latest version of node.js and npm installed.
23 error If you do, this is most likely a problem with the red_tetrisboilerplate package,
23 error not with npm itself.
23 error Tell the author that this fails on your system:
23 error     webpack-dev-server --colors --hot --inline --host 0.0.0.0 --port 8080
23 error You can get information on how to open an issue for this project with:
23 error     npm bugs red_tetrisboilerplate
23 error Or if that isn't available, you can get their info via:
23 error     npm owner ls red_tetrisboilerplate
23 error There is likely additional logging output above.
24 verbose exit [ 1, true ]
